Arguments: 
  C:\Program Files\nodejs\node.exe C:\Users\Ethiel ADIASSA\AppData\Roaming\npm\node_modules\yarn\bin\yarn.js add vue vuex

PATH: 
  C:\Users\Ethiel ADIASSA\Desktop\Projets\Pusher tutorials\shoppingCart-adonis\node_modules\.bin;C:\Program Files (x86)\Common Files\Oracle\Java\javapath;C:\Program Files (x86)\Razer Chroma SDK\bin;C:\Program Files\Razer Chroma SDK\bin;C:\Program Files (x86)\Intel\Intel(R) Management Engine Components\iCLS\;C:\Program Files\Intel\Intel(R) Management Engine Components\iCLS\;C:\Windows\system32;C:\Windows;C:\Windows\System32\Wbem;C:\Windows\System32\WindowsPowerShell\v1.0\;C:\Windows\System32\OpenSSH\;C:\Program Files (x86)\Intel\Intel(R) Management Engine Components\DAL;C:\Program Files\Intel\Intel(R) Management Engine Components\DAL;C:\Program Files\Intel\WiFi\bin\;C:\Program Files\Common Files\Intel\WirelessCommon\;C:\Program Files (x86)\NVIDIA Corporation\PhysX\Common;C:\Users\Administrator\AppData\Local\Microsoft\WindowsApps;C:\Program Files\Intel\WiFi\bin\;C:\Program Files\Common Files\Intel\WirelessCommon\;C:\Program Files\nodejs\;C:\flutter\bin;C:\Program Files\Dart\dart-sdk\bin;C:\Program Files\Git\cmd;C:\php;C:\composer;D:\Android\Android_SDK\sdk\tools;D:\Android\Android_SDK\sdk\platform-tools;C:\Users\Ethiel ADIASSA\AppData\Local\Programs\Python\Python37\Scripts\;C:\Users\Ethiel ADIASSA\AppData\Local\Programs\Python\Python37\;C:\Ruby25-x64\bin;C:\Users\Ethiel ADIASSA\AppData\Local\Microsoft\WindowsApps;C:\Users\Ethiel ADIASSA\AppData\Roaming\npm;C:\Users\Ethiel ADIASSA\AppData\Local\Programs\Microsoft VS Code\bin;C:\Users\Ethiel ADIASSA\AppData\Roaming\Composer\vendor\bin;C:\Program Files\JetBrains\PhpStorm 2018.3.1\bin;;C:\Program Files\JetBrains\PyCharm 2018.3.1\bin;;C:\Program Files\JetBrains\WebStorm 2018.3.1\bin;;C:\Program Files\JetBrains\IntelliJ IDEA 2018.3.1\bin;

Yarn version: 
  1.12.3

Node version: 
  10.14.2

Platform: 
  win32 x64

Trace: 
  Error: EPERM: operation not permitted, unlink 'C:\Users\Ethiel ADIASSA\AppData\Local\Yarn\Cache\v4\npm-core-js-2.6.3-4b70938bdffdaf64931e66e2db158f0892289c49\node_modules\core-js\.yarn-tarball.tgz'

npm manifest: 
  {
    "name": "adonis-fullstack-app",
    "version": "4.1.0",
    "adonis-version": "4.1.0",
    "description": "The fullstack application boilerplate for Adonisjs",
    "main": "index.js",
    "scripts": {
      "start": "node server.js",
      "test": "node ace test"
    },
    "keywords": [
      "adonisjs",
      "adonis-app"
    ],
    "author": "",
    "license": "UNLICENSED",
    "private": true,
    "dependencies": {
      "@adonisjs/ace": "^5.0.8",
      "@adonisjs/auth": "^3.0.7",
      "@adonisjs/bodyparser": "^2.0.5",
      "@adonisjs/cors": "^1.0.7",
      "@adonisjs/fold": "^4.0.9",
      "@adonisjs/framework": "^5.0.9",
      "@adonisjs/ignitor": "^2.0.8",
      "@adonisjs/lucid": "^6.1.3",
      "@adonisjs/session": "^1.0.27",
      "@adonisjs/shield": "^1.0.8"
    },
    "devDependencies": {},
    "autoload": {
      "App": "./app"
    }
  }

yarn manifest: 
  No manifest

Lockfile: 
  No lockfile
